<?xml version="1.0" encoding="UTF-8"?>
<!-- Generated by org.testng.reporters.JUnitReportReporter -->
<testsuite hostname="DESKTOP-3TF58B1" failures="0" tests="1" name="testcases.JSONSample1" time="83.073" errors="0" timestamp="2 Dec 2019 11:25:50 GMT">
  <testcase classname="testcases.JSONSample1" name="testAut" time="83.073"/>
</testsuite> <!-- testcases.JSONSample1 -->
